11:05:23.484 [main] INFO  org.testng.internal.Utils - [TestNG] Running:
  D:\Eclipce Workspace\OpenCartV1.0\grouping.xml

11:06:30.453 [main] DEBUG org.testng.TestNG - suiteXmlPath: "D:\Eclipce Workspace\OpenCartV1.0\grouping.xml"
11:06:30.927 [main] INFO  org.testng.internal.Utils - [TestNG] Running:
  D:\Eclipce Workspace\OpenCartV1.0\grouping.xml

11:59:25.681 [main] DEBUG org.testng.TestNG - suiteXmlPath: "D:\Eclipce Workspace\OpenCartV1.0\grouping.xml"
11:59:26.351 [main] INFO  org.testng.internal.Utils - [TestNG] Running:
  D:\Eclipce Workspace\OpenCartV1.0\grouping.xml

12:01:14.694 [main] DEBUG org.testng.TestNG - suiteXmlPath: "D:\Eclipce Workspace\OpenCartV1.0\grouping.xml"
12:01:15.176 [main] INFO  org.testng.internal.Utils - [TestNG] Running:
  D:\Eclipce Workspace\OpenCartV1.0\grouping.xml

12:04:26.463 [main] DEBUG org.testng.TestNG - suiteXmlPath: "D:\Eclipce Workspace\OpenCartV1.0\grouping.xml"
12:04:26.920 [main] INFO  org.testng.internal.Utils - [TestNG] Running:
  D:\Eclipce Workspace\OpenCartV1.0\grouping.xml

12:06:36.812 [main] DEBUG org.testng.TestNG - suiteXmlPath: "D:\Eclipce Workspace\OpenCartV1.0\grouping.xml"
12:06:37.374 [main] INFO  org.testng.internal.Utils - [TestNG] Running:
  D:\Eclipce Workspace\OpenCartV1.0\grouping.xml

12:08:02.642 [main] DEBUG org.testng.TestNG - suiteXmlPath: "D:\Eclipce Workspace\OpenCartV1.0\grouping.xml"
12:08:03.152 [main] INFO  org.testng.internal.Utils - [TestNG] Running:
  D:\Eclipce Workspace\OpenCartV1.0\grouping.xml

12:13:22.195 [main] DEBUG org.testng.TestNG - suiteXmlPath: "D:\Eclipce Workspace\OpenCartV1.0\grouping.xml"
12:13:22.705 [main] INFO  org.testng.internal.Utils - [TestNG] Running:
  D:\Eclipce Workspace\OpenCartV1.0\grouping.xml

12:14:10.620 [main] DEBUG org.testng.TestNG - suiteXmlPath: "D:\Eclipce Workspace\OpenCartV1.0\grouping.xml"
12:14:11.167 [main] INFO  org.testng.internal.Utils - [TestNG] Running:
  D:\Eclipce Workspace\OpenCartV1.0\grouping.xml

12:15:56.512 [main] DEBUG org.testng.TestNG - suiteXmlPath: "D:\Eclipce Workspace\OpenCartV1.0\grouping.xml"
12:15:57.010 [main] INFO  org.testng.internal.Utils - [TestNG] Running:
  D:\Eclipce Workspace\OpenCartV1.0\grouping.xml

12:25:42.372 [main] DEBUG org.testng.TestNG - suiteXmlPath: "D:\Eclipce Workspace\OpenCartV1.0\grouping.xml"
12:25:42.907 [main] INFO  org.testng.internal.Utils - [TestNG] Running:
  D:\Eclipce Workspace\OpenCartV1.0\grouping.xml

12:26:46.050 [main] DEBUG org.testng.TestNG - suiteXmlPath: "D:\Eclipce Workspace\OpenCartV1.0\grouping.xml"
12:26:46.558 [main] INFO  org.testng.internal.Utils - [TestNG] Running:
  D:\Eclipce Workspace\OpenCartV1.0\grouping.xml

12:26:54.361 [main] INFO  testCase.TC0001_accountRegistration - ***** Starting TestCase TC0001_accountRegistration *****
12:26:54.617 [main] INFO  testCase.TC0001_accountRegistration - Clicked on My Account...!
12:26:55.109 [main] INFO  testCase.TC0001_accountRegistration - Clicked on Registred...!
12:26:55.153 [main] INFO  testCase.TC0001_accountRegistration - Providing customer Details...!
12:26:56.724 [main] INFO  testCase.TC0001_accountRegistration - Validating message...!
12:26:56.799 [main] INFO  testCase.TC0001_accountRegistration - ***** Finish TestCase TC0001_accountRegistration *****
12:27:05.181 [main] INFO  testCase.TC0002_accountLogin - ***** Starting TC0002_accountLogin *****
12:27:05.182 [main] INFO  testCase.TC0002_accountLogin - Clicked on My Account...!
12:27:05.333 [main] INFO  testCase.TC0002_accountLogin - Clicked on Login Link...!
12:27:05.968 [main] INFO  testCase.TC0002_accountLogin - Clicked on Login...!
12:27:06.748 [main] INFO  testCase.TC0002_accountLogin - ***** Finish TestCase TC0002_accountLogin *****
12:31:13.081 [main] DEBUG org.testng.TestNG - suiteXmlPath: "D:\Eclipce Workspace\OpenCartV1.0\grouping.xml"
12:31:13.557 [main] INFO  org.testng.internal.Utils - [TestNG] Running:
  D:\Eclipce Workspace\OpenCartV1.0\grouping.xml

12:31:18.567 [main] INFO  testCase.TC0001_accountRegistration - ***** Starting TestCase TC0001_accountRegistration *****
12:31:18.705 [main] INFO  testCase.TC0001_accountRegistration - Clicked on My Account...!
12:31:19.241 [main] INFO  testCase.TC0001_accountRegistration - Clicked on Registred...!
12:31:19.245 [main] INFO  testCase.TC0001_accountRegistration - Providing customer Details...!
12:31:21.087 [main] INFO  testCase.TC0001_accountRegistration - Validating message...!
12:31:21.150 [main] INFO  testCase.TC0001_accountRegistration - ***** Finish TestCase TC0001_accountRegistration *****
12:31:33.727 [main] INFO  testCase.TC0002_accountLogin - ***** Starting TC0002_accountLogin *****
12:31:33.728 [main] INFO  testCase.TC0002_accountLogin - Clicked on My Account...!
12:31:33.868 [main] INFO  testCase.TC0002_accountLogin - Clicked on Login Link...!
12:31:34.437 [main] INFO  testCase.TC0002_accountLogin - Clicked on Login...!
12:31:35.237 [main] INFO  testCase.TC0002_accountLogin - ***** Finish TestCase TC0002_accountLogin *****
