18:19:58.265 [main] INFO  testCase.TC0004_searchProduct - ***** Starting TestCase TC0004_searchProduct *****
18:19:58.303 [main] INFO  testCase.TC0004_searchProduct - Click on my account....
18:19:58.443 [main] INFO  testCase.TC0004_searchProduct - Click on my login....
18:19:58.785 [main] INFO  testCase.TC0004_searchProduct - Enter user details email & Password....
18:19:59.142 [main] INFO  testCase.TC0004_searchProduct - Click on login button....
18:20:00.025 [main] INFO  testCase.TC0004_searchProduct - Enter the Product name for search... 
18:20:00.151 [main] INFO  testCase.TC0004_searchProduct - Click on Search button....
18:20:00.592 [main] INFO  testCase.TC0004_searchProduct - Validate the product...
18:20:00.648 [main] INFO  testCase.TC0004_searchProduct - ***** Finish TestCase TestCase TC0004_searchProduct *****
18:23:34.372 [main] INFO  org.testng.internal.Utils - [TestNG] Running:
  D:\Eclipce Workspace\OpenCartV1.0\testng.xml

18:23:39.043 [main] INFO  testCase.TC0004_searchProduct - ***** Starting TestCase TC0004_searchProduct *****
18:23:39.069 [main] INFO  testCase.TC0004_searchProduct - Click on my account....
18:23:39.194 [main] INFO  testCase.TC0004_searchProduct - Click on my login....
18:23:39.544 [main] INFO  testCase.TC0004_searchProduct - Enter user details email & Password....
18:23:39.873 [main] INFO  testCase.TC0004_searchProduct - Click on login button....
18:23:40.719 [main] INFO  testCase.TC0004_searchProduct - Enter the Product name for search... 
18:23:40.843 [main] INFO  testCase.TC0004_searchProduct - Click on Search button....
18:23:41.284 [main] INFO  testCase.TC0004_searchProduct - Validate the product...
18:23:41.327 [main] INFO  testCase.TC0004_searchProduct - Product found.....!
18:23:41.330 [main] INFO  testCase.TC0004_searchProduct - ***** Finish TestCase TestCase TC0004_searchProduct *****
18:37:08.375 [main] INFO  org.testng.internal.Utils - [TestNG] Running:
  D:\Eclipce Workspace\OpenCartV1.0\test-output\testng-failed.xml

18:37:13.028 [main] INFO  testCase.TC0004_searchProduct - ***** Starting TestCase TC0004_searchProduct *****
18:37:13.058 [main] INFO  testCase.TC0004_searchProduct - Click on my account....
18:37:13.183 [main] INFO  testCase.TC0004_searchProduct - Click on my login....
18:37:13.523 [main] INFO  testCase.TC0004_searchProduct - Enter user details email & Password....
18:37:13.860 [main] INFO  testCase.TC0004_searchProduct - Click on login button....
18:37:13.976 [main] INFO  testCase.TC0004_searchProduct - Enter the Product name for search... 
18:37:14.804 [main] INFO  testCase.TC0004_searchProduct - Click on Search button....
18:37:15.212 [main] INFO  testCase.TC0004_searchProduct - Validate the product...
18:37:15.266 [main] INFO  testCase.TC0004_searchProduct - Product found.....!
18:37:15.269 [main] INFO  testCase.TC0004_searchProduct - ***** Finish TestCase TestCase TC0004_searchProduct *****
19:28:33.104 [main] INFO  org.testng.internal.Utils - [TestNG] Running:
  D:\Eclipce Workspace\OpenCartV1.0\testng.xml

19:28:39.084 [main] INFO  testCase.TC0004_searchProduct - ***** Starting TestCase TC0004_searchProduct *****
19:28:39.129 [main] INFO  testCase.TC0004_searchProduct - Click on my account....
19:28:39.262 [main] INFO  testCase.TC0004_searchProduct - Click on my login....
19:28:39.598 [main] INFO  testCase.TC0004_searchProduct - Enter user details email & Password....
19:28:39.929 [main] INFO  testCase.TC0004_searchProduct - Click on login button....
19:28:40.882 [main] INFO  testCase.TC0004_searchProduct - Enter the Product name for search... 
19:28:41.021 [main] INFO  testCase.TC0004_searchProduct - Click on Search button....
19:28:41.448 [main] INFO  testCase.TC0004_searchProduct - Validate the product found...
19:28:44.577 [main] INFO  testCase.TC0004_searchProduct - Product found.....!
19:28:44.583 [main] INFO  testCase.TC0004_searchProduct - ***** Finish TestCase TestCase TC0004_searchProduct *****
19:30:02.289 [main] INFO  org.testng.internal.Utils - [TestNG] Running:
  D:\Eclipce Workspace\OpenCartV1.0\testng.xml

19:30:21.216 [main] INFO  testCase.TC0004_searchProduct - ***** Starting TestCase TC0004_searchProduct *****
19:30:21.262 [main] INFO  testCase.TC0004_searchProduct - Click on my account....
19:30:21.466 [main] INFO  testCase.TC0004_searchProduct - Click on my login....
19:30:21.972 [main] INFO  testCase.TC0004_searchProduct - Enter user details email & Password....
19:30:22.384 [main] INFO  testCase.TC0004_searchProduct - Click on login button....
19:30:22.524 [main] INFO  testCase.TC0004_searchProduct - Enter the Product name for search... 
19:30:24.117 [main] INFO  testCase.TC0004_searchProduct - Click on Search button....
19:30:24.647 [main] INFO  testCase.TC0004_searchProduct - Validate the product found...
19:30:27.746 [main] ERROR testCase.TC0004_searchProduct - No product found...!
19:30:27.750 [main] INFO  testCase.TC0004_searchProduct - ***** Finish TestCase TestCase TC0004_searchProduct *****
