17:59:00.029 [main] INFO  org.testng.internal.Utils - [Utils] MethodGroupsHelper.sortMethods() took 0 ms.
17:59:00.040 [main] INFO  org.testng.internal.Utils - [Utils] MethodGroupsHelper.collectMethodsByGroup() took 0 ms.
17:59:00.040 [main] INFO  org.testng.internal.Utils - [Utils] MethodGroupsHelper.sortMethods() took 0 ms.
17:59:00.042 [main] INFO  org.testng.internal.Utils - [Utils] MethodGroupsHelper.collectMethodsByGroup() took 0 ms.
17:59:00.042 [main] INFO  org.testng.internal.Utils - [Utils] MethodGroupsHelper.sortMethods() took 0 ms.
17:59:00.047 [main] INFO  org.testng.internal.Utils - [Utils] MethodGroupsHelper.collectMethodsByGroup() took 0 ms.
17:59:00.047 [main] INFO  org.testng.internal.Utils - [Utils] MethodGroupsHelper.sortMethods() took 0 ms.
17:59:00.051 [main] INFO  org.testng.internal.Utils - [Utils] MethodGroupsHelper.collectMethodsByGroup() took 0 ms.
17:59:00.051 [main] INFO  org.testng.internal.Utils - [Utils] MethodGroupsHelper.sortMethods() took 0 ms.
17:59:00.056 [main] INFO  org.testng.internal.Utils - [Utils] MethodGroupsHelper.collectMethodsByGroup() took 0 ms.
17:59:00.056 [main] INFO  org.testng.internal.Utils - [Utils] MethodGroupsHelper.sortMethods() took 0 ms.
17:59:00.057 [main] INFO  org.testng.internal.Utils - [Utils] MethodGroupsHelper.collectMethodsByGroup() took 0 ms.
17:59:00.057 [main] INFO  org.testng.internal.Utils - [Utils] MethodGroupsHelper.sortMethods() took 0 ms.
17:59:00.059 [main] INFO  org.testng.internal.Utils - [Utils] MethodGroupsHelper.collectMethodsByGroup() took 0 ms.
17:59:00.060 [main] INFO  org.testng.internal.Utils - [Utils] MethodGroupsHelper.sortMethods() took 1 ms.
17:59:00.062 [main] INFO  org.testng.internal.Utils - [Utils] MethodGroupsHelper.collectMethodsByGroup() took 0 ms.
17:59:00.062 [main] INFO  org.testng.internal.Utils - [Utils] MethodGroupsHelper.sortMethods() took 0 ms.
17:59:00.062 [main] INFO  org.testng.internal.Utils - [Utils] MethodGroupsHelper.collectMethodsByGroup() took 0 ms.
17:59:00.063 [main] INFO  org.testng.internal.Utils - [Utils] MethodGroupsHelper.sortMethods() took 0 ms.
17:59:00.075 [main] INFO  org.testng.internal.Utils - [TestNG] Running:
  C:\Users\Admin\AppData\Local\Temp\testng-eclipse--1375056366\testng-customsuite.xml

17:59:00.103 [main] INFO  org.testng.internal.Utils - [Utils] DynamicGraphHelper.createDynamicGraph() took 6 ms.
17:59:00.593 [main] INFO  org.testng.internal.Utils - [TestNG] Time taken by org.testng.reporters.jq.Main@6bea52d4: 212 ms
17:59:00.627 [main] INFO  org.testng.internal.Utils - [TestNG] Time taken by org.testng.reporters.FailedReporter@a202ccb: 33 ms
17:59:00.648 [main] INFO  org.testng.internal.Utils - [TestNG] Time taken by org.testng.reporters.XMLReporter@3fa2213: 20 ms
17:59:00.664 [main] INFO  org.testng.internal.Utils - [TestNG] Time taken by org.testng.reporters.EmailableReporter2@1bb564e2: 15 ms
17:59:00.678 [main] INFO  org.testng.internal.Utils - [TestNG] Time taken by org.testng.reporters.JUnitReportReporter@1af146: 14 ms
17:59:00.678 [main] INFO  org.testng.internal.Utils - [TestNG] Time taken by org.testng.internal.ExitCodeListener@4da602fc: 0 ms
17:59:06.996 [main] DEBUG org.testng.TestNG - suiteXmlPath: "D:\Eclipce Workspace\OpenCartV1.0\testng.xml"
17:59:07.465 [main] INFO  org.testng.internal.Utils - [TestNG] Running:
  D:\Eclipce Workspace\OpenCartV1.0\testng.xml

18:01:14.712 [main] INFO  org.testng.internal.Utils - [TestNG] Running:
  D:\Eclipce Workspace\OpenCartV1.0\testng.xml

18:03:13.063 [main] INFO  org.testng.internal.Utils - [TestNG] Running:
  D:\Eclipce Workspace\OpenCartV1.0\testng.xml

18:06:13.188 [main] INFO  org.testng.internal.Utils - [TestNG] Running:
  D:\Eclipce Workspace\OpenCartV1.0\testng.xml

18:07:59.070 [main] INFO  org.testng.internal.Utils - [TestNG] Running:
  D:\Eclipce Workspace\OpenCartV1.0\testng.xml

18:08:09.140 [main] ERROR testCase.TC0004_searchProduct - No product found...!
18:18:22.779 [main] INFO  org.testng.internal.Utils - [TestNG] Running:
  D:\Eclipce Workspace\OpenCartV1.0\testng.xml

18:18:27.788 [main] INFO  testCase.TC0004_searchProduct - ***** Starting TestCase TC0004_searchProduct *****
18:18:27.828 [main] INFO  testCase.TC0004_searchProduct - Click on my account....
18:18:27.987 [main] INFO  testCase.TC0004_searchProduct - Click on my login....
18:18:28.361 [main] INFO  testCase.TC0004_searchProduct - Enter user details email & Password....
18:18:28.729 [main] INFO  testCase.TC0004_searchProduct - Click on login button....
18:18:29.594 [main] INFO  testCase.TC0004_searchProduct - Enter the Product name for search... 
18:18:29.704 [main] INFO  testCase.TC0004_searchProduct - Click on Search button....
18:18:30.048 [main] INFO  testCase.TC0004_searchProduct - Validate the product...
18:18:33.074 [main] ERROR testCase.TC0004_searchProduct - No product found...!
18:19:49.479 [main] INFO  org.testng.internal.Utils - [TestNG] Running:
  D:\Eclipce Workspace\OpenCartV1.0\testng.xml

