12:32:13.112 [main] DEBUG org.testng.TestNG - suiteXmlPath: "D:\Eclipce Workspace\OpenCartV1.0\grouping.xml"
12:32:13.677 [main] INFO  org.testng.internal.Utils - [TestNG] Running:
  D:\Eclipce Workspace\OpenCartV1.0\grouping.xml

12:32:19.540 [main] INFO  testCase.TC0001_accountRegistration - ***** Starting TestCase TC0001_accountRegistration *****
12:32:19.697 [main] INFO  testCase.TC0001_accountRegistration - Clicked on My Account...!
12:32:20.320 [main] INFO  testCase.TC0001_accountRegistration - Clicked on Registred...!
12:32:20.328 [main] INFO  testCase.TC0001_accountRegistration - Providing customer Details...!
12:32:22.245 [main] INFO  testCase.TC0001_accountRegistration - Validating message...!
12:32:22.322 [main] INFO  testCase.TC0001_accountRegistration - ***** Finish TestCase TC0001_accountRegistration *****
12:32:25.937 [main] INFO  testCase.TC0002_accountLogin - ***** Starting TC0002_accountLogin *****
12:32:25.938 [main] INFO  testCase.TC0002_accountLogin - Clicked on My Account...!
12:32:26.064 [main] INFO  testCase.TC0002_accountLogin - Clicked on Login Link...!
12:32:26.623 [main] INFO  testCase.TC0002_accountLogin - Clicked on Login...!
12:32:27.418 [main] INFO  testCase.TC0002_accountLogin - ***** Finish TestCase TC0002_accountLogin *****
12:37:36.625 [main] INFO  testCase.TC0001_accountRegistration - ***** Starting TestCase TC0001_accountRegistration *****
12:37:36.787 [main] INFO  testCase.TC0001_accountRegistration - Clicked on My Account...!
12:37:37.198 [main] INFO  testCase.TC0001_accountRegistration - Clicked on Registred...!
12:37:37.203 [main] INFO  testCase.TC0001_accountRegistration - Providing customer Details...!
12:37:39.039 [main] INFO  testCase.TC0001_accountRegistration - Validating message...!
12:37:39.112 [main] INFO  testCase.TC0001_accountRegistration - ***** Finish TestCase TC0001_accountRegistration *****
12:37:47.462 [main] INFO  testCase.TC0002_accountLogin - ***** Starting TC0002_accountLogin *****
12:37:47.462 [main] INFO  testCase.TC0002_accountLogin - Clicked on My Account...!
12:37:47.596 [main] INFO  testCase.TC0002_accountLogin - Clicked on Login Link...!
12:37:48.200 [main] INFO  testCase.TC0002_accountLogin - Clicked on Login...!
12:37:49.000 [main] INFO  testCase.TC0002_accountLogin - ***** Finish TestCase TC0002_accountLogin *****
12:40:55.334 [main] DEBUG org.testng.TestNG - suiteXmlPath: "D:\Eclipce Workspace\OpenCartV1.0\crossBrowsertestng.xml"
12:40:55.912 [main] INFO  org.testng.internal.Utils - [TestNG] Running:
  D:\Eclipce Workspace\OpenCartV1.0\crossBrowsertestng.xml

12:40:56.541 [TestNG-tests-3] INFO  testCase.TC0002_accountLogin - ***** Starting TC0002_accountLogin *****
12:40:56.604 [TestNG-tests-3] INFO  testCase.TC0002_accountLogin - Clicked on My Account...!
12:41:12.717 [TestNG-tests-1] INFO  testCase.TC0002_accountLogin - ***** Starting TC0002_accountLogin *****
12:41:12.719 [TestNG-tests-1] INFO  testCase.TC0002_accountLogin - Clicked on My Account...!
12:41:12.755 [TestNG-tests-2] INFO  testCase.TC0002_accountLogin - ***** Starting TC0002_accountLogin *****
12:41:12.756 [TestNG-tests-2] INFO  testCase.TC0002_accountLogin - Clicked on My Account...!
12:41:12.923 [TestNG-tests-1] INFO  testCase.TC0002_accountLogin - Clicked on Login Link...!
12:41:13.003 [TestNG-tests-2] INFO  testCase.TC0002_accountLogin - Clicked on Login Link...!
12:41:25.780 [TestNG-tests-2] INFO  testCase.TC0001_accountRegistration - ***** Starting TestCase TC0001_accountRegistration *****
12:41:25.800 [TestNG-tests-1] INFO  testCase.TC0001_accountRegistration - ***** Starting TestCase TC0001_accountRegistration *****
12:41:25.951 [TestNG-tests-2] INFO  testCase.TC0001_accountRegistration - Clicked on My Account...!
12:41:26.010 [TestNG-tests-1] INFO  testCase.TC0001_accountRegistration - Clicked on My Account...!
12:43:17.877 [main] DEBUG org.testng.TestNG - suiteXmlPath: "D:\Eclipce Workspace\OpenCartV1.0\crossBrowsertestng.xml"
12:43:18.394 [main] INFO  org.testng.internal.Utils - [TestNG] Running:
  D:\Eclipce Workspace\OpenCartV1.0\crossBrowsertestng.xml

12:43:28.614 [TestNG-tests-2] INFO  testCase.TC0002_accountLogin - ***** Starting TC0002_accountLogin *****
12:43:28.619 [TestNG-tests-1] INFO  testCase.TC0002_accountLogin - ***** Starting TC0002_accountLogin *****
12:43:28.670 [TestNG-tests-2] INFO  testCase.TC0002_accountLogin - Clicked on My Account...!
12:43:28.671 [TestNG-tests-1] INFO  testCase.TC0002_accountLogin - Clicked on My Account...!
12:43:28.855 [TestNG-tests-2] INFO  testCase.TC0002_accountLogin - Clicked on Login Link...!
12:43:28.956 [TestNG-tests-1] INFO  testCase.TC0002_accountLogin - Clicked on Login Link...!
12:43:30.938 [TestNG-tests-3] INFO  testCase.TC0002_accountLogin - ***** Starting TC0002_accountLogin *****
12:43:30.939 [TestNG-tests-3] INFO  testCase.TC0002_accountLogin - Clicked on My Account...!
12:43:31.265 [TestNG-tests-3] INFO  testCase.TC0002_accountLogin - Clicked on Login Link...!
